Started GET "/" for ::1 at 2017-12-16 18:42:16 +0200
Processing by Rails::WelcomeController#index as HTML
  Rendering C:/Ruby24-x64/lib/ruby/gems/2.4.0/gems/railties-5.1.4/lib/rails/templates/rails/welcome/index.html.erb
  Rendered C:/Ruby24-x64/lib/ruby/gems/2.4.0/gems/railties-5.1.4/lib/rails/templates/rails/welcome/index.html.erb (23.0ms)
Completed 200 OK in 2023ms (Views: 127.1ms)


Started GET "/movies" for ::1 at 2017-12-16 18:48:29 +0200
  
ActionController::RoutingError (uninitialized constant MoviesController):
  
activesupport (5.1.4) lib/active_support/inflector/methods.rb:269:in `const_get'
activesupport (5.1.4) lib/active_support/inflector/methods.rb:269:in `block in constantize'
activesupport (5.1.4) lib/active_support/inflector/methods.rb:267:in `each'
activesupport (5.1.4) lib/active_support/inflector/methods.rb:267:in `inject'
activesupport (5.1.4) lib/active_support/inflector/methods.rb:267:in `constantize'
actionpack (5.1.4) lib/action_dispatch/http/request.rb:85:in `controller_class_for'
actionpack (5.1.4) lib/action_dispatch/http/request.rb:78:in `controller_class'
actionpack (5.1.4) lib/action_dispatch/routing/route_set.rb:43:in `controller'
actionpack (5.1.4) lib/action_dispatch/routing/route_set.rb:29:in `serve'
actionpack (5.1.4) lib/action_dispatch/journey/router.rb:50:in `block in serve'
actionpack (5.1.4) lib/action_dispatch/journey/router.rb:33:in `each'
actionpack (5.1.4) lib/action_dispatch/journey/router.rb:33:in `serve'
actionpack (5.1.4) lib/action_dispatch/routing/route_set.rb:834:in `call'
rack (2.0.3) lib/rack/etag.rb:25:in `call'
rack (2.0.3) lib/rack/conditional_get.rb:25:in `call'
rack (2.0.3) lib/rack/head.rb:12:in `call'
rack (2.0.3) lib/rack/session/abstract/id.rb:232:in `context'
rack (2.0.3) lib/rack/session/abstract/id.rb:226:in `call'
actionpack (5.1.4) lib/action_dispatch/middleware/cookies.rb:613:in `call'
activerecord (5.1.4) lib/active_record/migration.rb:556:in `call'
actionpack (5.1.4) lib/action_dispatch/middleware/callbacks.rb:26:in `block in call'
activesupport (5.1.4) lib/active_support/callbacks.rb:97:in `run_callbacks'
actionpack (5.1.4) lib/action_dispatch/middleware/callbacks.rb:24:in `call'
actionpack (5.1.4) lib/action_dispatch/middleware/executor.rb:12:in `call'
actionpack (5.1.4) lib/action_dispatch/middleware/debug_exceptions.rb:59:in `call'
web-console (3.5.1) lib/web_console/middleware.rb:135:in `call_app'
web-console (3.5.1) lib/web_console/middleware.rb:28:in `block in call'
web-console (3.5.1) lib/web_console/middleware.rb:18:in `catch'
web-console (3.5.1) lib/web_console/middleware.rb:18:in `call'
actionpack (5.1.4) lib/action_dispatch/middleware/show_exceptions.rb:31:in `call'
railties (5.1.4) lib/rails/rack/logger.rb:36:in `call_app'
railties (5.1.4) lib/rails/rack/logger.rb:24:in `block in call'
activesupport (5.1.4) lib/active_support/tagged_logging.rb:69:in `block in tagged'
activesupport (5.1.4) lib/active_support/tagged_logging.rb:26:in `tagged'
activesupport (5.1.4) lib/active_support/tagged_logging.rb:69:in `tagged'
railties (5.1.4) lib/rails/rack/logger.rb:24:in `call'
sprockets-rails (3.2.1) lib/sprockets/rails/quiet_assets.rb:13:in `call'
actionpack (5.1.4) lib/action_dispatch/middleware/remote_ip.rb:79:in `call'
actionpack (5.1.4) lib/action_dispatch/middleware/request_id.rb:25:in `call'
rack (2.0.3) lib/rack/method_override.rb:22:in `call'
rack (2.0.3) lib/rack/runtime.rb:22:in `call'
activesupport (5.1.4) lib/active_support/cache/strategy/local_cache_middleware.rb:27:in `call'
actionpack (5.1.4) lib/action_dispatch/middleware/executor.rb:12:in `call'
actionpack (5.1.4) lib/action_dispatch/middleware/static.rb:125:in `call'
rack (2.0.3) lib/rack/sendfile.rb:111:in `call'
railties (5.1.4) lib/rails/engine.rb:522:in `call'
puma (3.11.0) lib/puma/configuration.rb:225:in `call'
puma (3.11.0) lib/puma/server.rb:624:in `handle_request'
puma (3.11.0) lib/puma/server.rb:438:in `process_client'
puma (3.11.0) lib/puma/server.rb:302:in `block in run'
puma (3.11.0) lib/puma/thread_pool.rb:120:in `block in spawn_thread'
  [1m[35m (0.0ms)[0m  [1m[34mSELECT sqlite_version(*)[0m
  [1m[35m (91.0ms)[0m  [1m[35mCREATE TABLE "schema_migrations" ("version" varchar NOT NULL PRIMARY KEY)[0m
  [1m[35m (114.0ms)[0m  [1m[35mCREATE TABLE "ar_internal_metadata" ("key" varchar NOT NULL PRIMARY KEY, "value" varchar, "created_at" datetime NOT NULL, "updated_at" datetime NOT NULL)[0m
  [1m[35m (0.0ms)[0m  [1m[34mSELECT "schema_migrations"."version" FROM "schema_migrations" ORDER BY "schema_migrations"."version" ASC[0m
Migrating to CreateMovies (20171216165047)
  [1m[35m (0.0ms)[0m  [1m[36mbegin transaction[0m
  [1m[35m (1.0ms)[0m  [1m[35mCREATE TABLE "movies" ("id" INTEGER PRIMARY KEY AUTOINCREMENT NOT NULL, "title" varchar, "rating" varchar, "description" text, "release_date" datetime, "created_at" datetime NOT NULL, "updated_at" datetime NOT NULL)[0m
  [1m[35mSQL (0.0ms)[0m  [1m[32mINSERT INTO "schema_migrations" ("version") VALUES (?)[0m  [["version", "20171216165047"]]
  [1m[35m (97.0ms)[0m  [1m[36mcommit transaction[0m
  [1m[36mActiveRecord::InternalMetadata Load (1.0ms)[0m  [1m[34mSELECT  "ar_internal_metadata".* FROM "ar_internal_metadata" WHERE "ar_internal_metadata"."key" = ? LIMIT ?[0m  [["key", "environment"], ["LIMIT", 1]]
  [1m[35m (0.0ms)[0m  [1m[36mbegin transaction[0m
  [1m[35mSQL (1.0ms)[0m  [1m[32mINSERT INTO "ar_internal_metadata" ("key", "value", "created_at", "updated_at") VALUES (?, ?, ?, ?)[0m  [["key", "environment"], ["value", "development"], ["created_at", "2017-12-16 16:52:54.931773"], ["updated_at", "2017-12-16 16:52:54.931773"]]
  [1m[35m (129.0ms)[0m  [1m[36mcommit transaction[0m
  [1m[35m (1.0ms)[0m  [1m[34mSELECT "schema_migrations"."version" FROM "schema_migrations" ORDER BY "schema_migrations"."version" ASC[0m
  [1m[35m (0.0ms)[0m  [1m[36mbegin transaction[0m
  [1m[35mSQL (1.0ms)[0m  [1m[32mINSERT INTO "movies" ("title", "rating", "release_date", "created_at", "updated_at") VALUES (?, ?, ?, ?, ?)[0m  [["title", "Star Wars"], ["rating", "PG"], ["release_date", "1977-04-25 00:00:00"], ["created_at", "2017-12-16 16:56:13.845150"], ["updated_at", "2017-12-16 16:56:13.845150"]]
  [1m[35m (129.0ms)[0m  [1m[36mcommit transaction[0m
  [1m[35m (0.0ms)[0m  [1m[36mbegin transaction[0m
  [1m[35mSQL (1.0ms)[0m  [1m[32mINSERT INTO "movies" ("title", "rating", "release_date", "created_at", "updated_at") VALUES (?, ?, ?, ?, ?)[0m  [["title", "Requiem for a Dream"], ["rating", "R"], ["release_date", "2000-10-27 00:00:00"], ["created_at", "2017-12-16 16:56:14.778204"], ["updated_at", "2017-12-16 16:56:14.778204"]]
  [1m[35m (91.0ms)[0m  [1m[36mcommit transaction[0m
  [1m[35m (0.0ms)[0m  [1m[36mbegin transaction[0m
  [1m[35mSQL (1.0ms)[0m  [1m[32mINSERT INTO "movies" ("title", "rating", "release_date", "created_at", "updated_at") VALUES (?, ?, ?, ?, ?)[0m  [["title", "Field of Dreams"], ["rating", "PG"], ["release_date", "0089-04-21 00:00:00"], ["created_at", "2017-12-16 16:56:15.525246"], ["updated_at", "2017-12-16 16:56:15.525246"]]
  [1m[35m (99.0ms)[0m  [1m[36mcommit transaction[0m
  [1m[36mMovie Load (0.0ms)[0m  [1m[34mSELECT  "movies".* FROM "movies" WHERE (rating = 'PG') LIMIT ?[0m  [["LIMIT", 11]]
  [1m[36mMovie Load (0.0ms)[0m  [1m[34mSELECT  "movies".* FROM "movies" WHERE (release_date < 'Jan 1, 2000' and rating = 'PG') LIMIT ?[0m  [["LIMIT", 11]]
  [1m[36mMovie Load (1.0ms)[0m  [1m[34mSELECT  "movies".* FROM "movies" WHERE "movies"."id" = ? LIMIT ?[0m  [["id", 3], ["LIMIT", 1]]
  [1m[35m (0.0ms)[0m  [1m[36mbegin transaction[0m
  [1m[35mSQL (1.0ms)[0m  [1m[33mUPDATE "movies" SET "description" = ?, "release_date" = ?, "updated_at" = ? WHERE "movies"."id" = ?[0m  [["description", "The best space western EVER"], ["release_date", "1977-05-25 00:00:00"], ["updated_at", "2017-12-16 16:56:16.911326"], ["id", 1]]
  [1m[35m (90.0ms)[0m  [1m[36mcommit transaction[0m
  [1m[35m (0.0ms)[0m  [1m[36mbegin transaction[0m
  [1m[35mSQL (1.0ms)[0m  [1m[33mUPDATE "movies" SET "rating" = ?, "updated_at" = ? WHERE "movies"."id" = ?[0m  [["rating", "NC-17"], ["updated_at", "2017-12-16 16:56:17.092336"], ["id", 2]]
  [1m[35m (86.0ms)[0m  [1m[36mcommit transaction[0m
  [1m[35m (0.0ms)[0m  [1m[36mbegin transaction[0m
  [1m[35mSQL (1.0ms)[0m  [1m[31mDELETE FROM "movies" WHERE "movies"."id" = ?[0m  [["id", 2]]
  [1m[35m (89.0ms)[0m  [1m[36mcommit transaction[0m
  [1m[36mMovie Load (0.0ms)[0m  [1m[34mSELECT  "movies".* FROM "movies" WHERE (title = "Requiem for a Dream") LIMIT ?[0m  [["LIMIT", 11]]
  [1m[36mMovie Load (0.0ms)[0m  [1m[34mSELECT "movies".* FROM "movies" WHERE (rating = "PG")[0m
  [1m[35m (0.0ms)[0m  [1m[36mbegin transaction[0m
  [1m[35mSQL (2.0ms)[0m  [1m[31mDELETE FROM "movies" WHERE "movies"."id" = ?[0m  [["id", 1]]
  [1m[35m (91.0ms)[0m  [1m[36mcommit transaction[0m
  [1m[35m (0.0ms)[0m  [1m[36mbegin transaction[0m
  [1m[35mSQL (2.0ms)[0m  [1m[31mDELETE FROM "movies" WHERE "movies"."id" = ?[0m  [["id", 3]]
  [1m[35m (113.0ms)[0m  [1m[36mcommit transaction[0m
  [1m[35m (0.0ms)[0m  [1m[34mSELECT "schema_migrations"."version" FROM "schema_migrations" ORDER BY "schema_migrations"."version" ASC[0m
  [1m[35m (0.0ms)[0m  [1m[36mbegin transaction[0m
  [1m[35mSQL (2.0ms)[0m  [1m[32mINSERT INTO "movies" ("title", "rating", "release_date", "created_at", "updated_at") VALUES (?, ?, ?, ?, ?)[0m  [["title", "Aladdin"], ["rating", "G"], ["release_date", "1992-11-25 00:00:00"], ["created_at", "2017-12-16 16:57:34.940789"], ["updated_at", "2017-12-16 16:57:34.940789"]]
  [1m[35m (102.0ms)[0m  [1m[36mcommit transaction[0m
  [1m[35m (0.0ms)[0m  [1m[36mbegin transaction[0m
  [1m[35mSQL (1.0ms)[0m  [1m[32mINSERT INTO "movies" ("title", "rating", "release_date", "created_at", "updated_at") VALUES (?, ?, ?, ?, ?)[0m  [["title", "When Harry Met Sally"], ["rating", "R"], ["release_date", "1989-07-21 00:00:00"], ["created_at", "2017-12-16 16:57:35.048795"], ["updated_at", "2017-12-16 16:57:35.048795"]]
  [1m[35m (96.0ms)[0m  [1m[36mcommit transaction[0m
  [1m[35m (0.0ms)[0m  [1m[36mbegin transaction[0m
  [1m[35mSQL (1.0ms)[0m  [1m[32mINSERT INTO "movies" ("title", "rating", "release_date", "created_at", "updated_at") VALUES (?, ?, ?, ?, ?)[0m  [["title", "The Help"], ["rating", "PG-13"], ["release_date", "2011-08-10 00:00:00"], ["created_at", "2017-12-16 16:57:35.148801"], ["updated_at", "2017-12-16 16:57:35.148801"]]
  [1m[35m (97.0ms)[0m  [1m[36mcommit transaction[0m
  [1m[35m (0.0ms)[0m  [1m[36mbegin transaction[0m
  [1m[35mSQL (1.0ms)[0m  [1m[32mINSERT INTO "movies" ("title", "rating", "release_date", "created_at", "updated_at") VALUES (?, ?, ?, ?, ?)[0m  [["title", "Raiders of the Lost Ark"], ["rating", "PG"], ["release_date", "1981-06-12 00:00:00"], ["created_at", "2017-12-16 16:57:35.248806"], ["updated_at", "2017-12-16 16:57:35.248806"]]
  [1m[35m (84.0ms)[0m  [1m[36mcommit transaction[0m
Started GET "/" for ::1 at 2017-12-24 02:09:40 +0200
  [1m[35m (1.0ms)[0m  [1m[34mSELECT "schema_migrations"."version" FROM "schema_migrations" ORDER BY "schema_migrations"."version" ASC[0m
Started GET "/movies" for ::1 at 2017-12-24 02:09:42 +0200
Processing by MoviesController#index as HTML
  Rendering movies/index.html.haml within layouts/application
  [1m[36mMovie Load (0.0ms)[0m  [1m[34mSELECT "movies".* FROM "movies"[0m
  Rendered movies/index.html.haml within layouts/application (132.0ms)
Completed 200 OK in 1393ms (Views: 1342.5ms | ActiveRecord: 2.0ms)


Started GET "/movies" for ::1 at 2017-12-24 02:12:52 +0200
Processing by MoviesController#index as HTML
  Rendering movies/index.html.haml within layouts/application
  [1m[36mMovie Load (2.0ms)[0m  [1m[34mSELECT "movies".* FROM "movies"[0m
  Rendered movies/index.html.haml within layouts/application (22.0ms)
Completed 200 OK in 403ms (Views: 309.9ms | ActiveRecord: 2.0ms)


Started GET "/movies" for ::1 at 2017-12-24 02:17:57 +0200
Processing by MoviesController#index as HTML
  Rendering movies/index.html.haml within layouts/application
  [1m[36mMovie Load (0.0ms)[0m  [1m[34mSELECT "movies".* FROM "movies"[0m
  Rendered movies/index.html.haml within layouts/application (44.0ms)
Completed 200 OK in 308ms (Views: 279.3ms | ActiveRecord: 3.0ms)


Started GET "/movies" for ::1 at 2017-12-24 02:19:59 +0200
Processing by MoviesController#index as HTML
  Rendering movies/index.html.haml within layouts/application
  [1m[36mMovie Load (1.0ms)[0m  [1m[34mSELECT "movies".* FROM "movies"[0m
  Rendered movies/index.html.haml within layouts/application (15.0ms)
Completed 200 OK in 203ms (Views: 178.4ms | ActiveRecord: 1.0ms)


Started GET "/movies/new" for ::1 at 2017-12-24 02:20:02 +0200
  
AbstractController::ActionNotFound (The action 'new' could not be found for MoviesController):
  
actionpack (5.1.4) lib/abstract_controller/base.rb:119:in `process'
actionview (5.1.4) lib/action_view/rendering.rb:30:in `process'
actionpack (5.1.4) lib/action_controller/metal.rb:189:in `dispatch'
actionpack (5.1.4) lib/action_controller/metal.rb:253:in `dispatch'
actionpack (5.1.4) lib/action_dispatch/routing/route_set.rb:49:in `dispatch'
actionpack (5.1.4) lib/action_dispatch/routing/route_set.rb:31:in `serve'
actionpack (5.1.4) lib/action_dispatch/journey/router.rb:50:in `block in serve'
actionpack (5.1.4) lib/action_dispatch/journey/router.rb:33:in `each'
actionpack (5.1.4) lib/action_dispatch/journey/router.rb:33:in `serve'
actionpack (5.1.4) lib/action_dispatch/routing/route_set.rb:834:in `call'
rack (2.0.3) lib/rack/etag.rb:25:in `call'
rack (2.0.3) lib/rack/conditional_get.rb:25:in `call'
rack (2.0.3) lib/rack/head.rb:12:in `call'
rack (2.0.3) lib/rack/session/abstract/id.rb:232:in `context'
rack (2.0.3) lib/rack/session/abstract/id.rb:226:in `call'
actionpack (5.1.4) lib/action_dispatch/middleware/cookies.rb:613:in `call'
activerecord (5.1.4) lib/active_record/migration.rb:556:in `call'
actionpack (5.1.4) lib/action_dispatch/middleware/callbacks.rb:26:in `block in call'
activesupport (5.1.4) lib/active_support/callbacks.rb:97:in `run_callbacks'
actionpack (5.1.4) lib/action_dispatch/middleware/callbacks.rb:24:in `call'
actionpack (5.1.4) lib/action_dispatch/middleware/executor.rb:12:in `call'
actionpack (5.1.4) lib/action_dispatch/middleware/debug_exceptions.rb:59:in `call'
web-console (3.5.1) lib/web_console/middleware.rb:135:in `call_app'
web-console (3.5.1) lib/web_console/middleware.rb:28:in `block in call'
web-console (3.5.1) lib/web_console/middleware.rb:18:in `catch'
web-console (3.5.1) lib/web_console/middleware.rb:18:in `call'
actionpack (5.1.4) lib/action_dispatch/middleware/show_exceptions.rb:31:in `call'
railties (5.1.4) lib/rails/rack/logger.rb:36:in `call_app'
railties (5.1.4) lib/rails/rack/logger.rb:24:in `block in call'
activesupport (5.1.4) lib/active_support/tagged_logging.rb:69:in `block in tagged'
activesupport (5.1.4) lib/active_support/tagged_logging.rb:26:in `tagged'
activesupport (5.1.4) lib/active_support/tagged_logging.rb:69:in `tagged'
railties (5.1.4) lib/rails/rack/logger.rb:24:in `call'
sprockets-rails (3.2.1) lib/sprockets/rails/quiet_assets.rb:13:in `call'
actionpack (5.1.4) lib/action_dispatch/middleware/remote_ip.rb:79:in `call'
actionpack (5.1.4) lib/action_dispatch/middleware/request_id.rb:25:in `call'
rack (2.0.3) lib/rack/method_override.rb:22:in `call'
rack (2.0.3) lib/rack/runtime.rb:22:in `call'
activesupport (5.1.4) lib/active_support/cache/strategy/local_cache_middleware.rb:27:in `call'
actionpack (5.1.4) lib/action_dispatch/middleware/executor.rb:12:in `call'
actionpack (5.1.4) lib/action_dispatch/middleware/static.rb:125:in `call'
rack (2.0.3) lib/rack/sendfile.rb:111:in `call'
railties (5.1.4) lib/rails/engine.rb:522:in `call'
puma (3.11.0) lib/puma/configuration.rb:225:in `call'
puma (3.11.0) lib/puma/server.rb:624:in `handle_request'
puma (3.11.0) lib/puma/server.rb:438:in `process_client'
puma (3.11.0) lib/puma/server.rb:302:in `block in run'
puma (3.11.0) lib/puma/thread_pool.rb:120:in `block in spawn_thread'
Started GET "/movies/new" for ::1 at 2017-12-24 02:23:12 +0200
Processing by MoviesController#new as HTML
  Rendering movies/new.html.haml within layouts/application
  Rendered movies/new.html.haml within layouts/application (245.0ms)
Completed 200 OK in 461ms (Views: 410.0ms | ActiveRecord: 4.0ms)


Started GET "/movies" for ::1 at 2017-12-24 02:23:16 +0200
Processing by MoviesController#index as HTML
  Rendering movies/index.html.haml within layouts/application
  [1m[36mMovie Load (1.0ms)[0m  [1m[34mSELECT "movies".* FROM "movies"[0m
  Rendered movies/index.html.haml within layouts/application (13.0ms)
Completed 200 OK in 184ms (Views: 161.3ms | ActiveRecord: 1.0ms)


Started GET "/movies/new" for ::1 at 2017-12-24 02:23:18 +0200
Processing by MoviesController#new as HTML
  Rendering movies/new.html.haml within layouts/application
  Rendered movies/new.html.haml within layouts/application (12.0ms)
Completed 200 OK in 207ms (Views: 183.8ms | ActiveRecord: 0.0ms)


Started POST "/movies" for ::1 at 2017-12-24 02:23:20 +0200
  
AbstractController::ActionNotFound (The action 'create' could not be found for MoviesController):
  
actionpack (5.1.4) lib/abstract_controller/base.rb:119:in `process'
actionview (5.1.4) lib/action_view/rendering.rb:30:in `process'
actionpack (5.1.4) lib/action_controller/metal.rb:189:in `dispatch'
actionpack (5.1.4) lib/action_controller/metal.rb:253:in `dispatch'
actionpack (5.1.4) lib/action_dispatch/routing/route_set.rb:49:in `dispatch'
actionpack (5.1.4) lib/action_dispatch/routing/route_set.rb:31:in `serve'
actionpack (5.1.4) lib/action_dispatch/journey/router.rb:50:in `block in serve'
actionpack (5.1.4) lib/action_dispatch/journey/router.rb:33:in `each'
actionpack (5.1.4) lib/action_dispatch/journey/router.rb:33:in `serve'
actionpack (5.1.4) lib/action_dispatch/routing/route_set.rb:834:in `call'
rack (2.0.3) lib/rack/etag.rb:25:in `call'
rack (2.0.3) lib/rack/conditional_get.rb:38:in `call'
rack (2.0.3) lib/rack/head.rb:12:in `call'
rack (2.0.3) lib/rack/session/abstract/id.rb:232:in `context'
rack (2.0.3) lib/rack/session/abstract/id.rb:226:in `call'
actionpack (5.1.4) lib/action_dispatch/middleware/cookies.rb:613:in `call'
activerecord (5.1.4) lib/active_record/migration.rb:556:in `call'
actionpack (5.1.4) lib/action_dispatch/middleware/callbacks.rb:26:in `block in call'
activesupport (5.1.4) lib/active_support/callbacks.rb:97:in `run_callbacks'
actionpack (5.1.4) lib/action_dispatch/middleware/callbacks.rb:24:in `call'
actionpack (5.1.4) lib/action_dispatch/middleware/executor.rb:12:in `call'
actionpack (5.1.4) lib/action_dispatch/middleware/debug_exceptions.rb:59:in `call'
web-console (3.5.1) lib/web_console/middleware.rb:135:in `call_app'
web-console (3.5.1) lib/web_console/middleware.rb:28:in `block in call'
web-console (3.5.1) lib/web_console/middleware.rb:18:in `catch'
web-console (3.5.1) lib/web_console/middleware.rb:18:in `call'
actionpack (5.1.4) lib/action_dispatch/middleware/show_exceptions.rb:31:in `call'
railties (5.1.4) lib/rails/rack/logger.rb:36:in `call_app'
railties (5.1.4) lib/rails/rack/logger.rb:24:in `block in call'
activesupport (5.1.4) lib/active_support/tagged_logging.rb:69:in `block in tagged'
activesupport (5.1.4) lib/active_support/tagged_logging.rb:26:in `tagged'
activesupport (5.1.4) lib/active_support/tagged_logging.rb:69:in `tagged'
railties (5.1.4) lib/rails/rack/logger.rb:24:in `call'
sprockets-rails (3.2.1) lib/sprockets/rails/quiet_assets.rb:13:in `call'
actionpack (5.1.4) lib/action_dispatch/middleware/remote_ip.rb:79:in `call'
actionpack (5.1.4) lib/action_dispatch/middleware/request_id.rb:25:in `call'
rack (2.0.3) lib/rack/method_override.rb:22:in `call'
rack (2.0.3) lib/rack/runtime.rb:22:in `call'
activesupport (5.1.4) lib/active_support/cache/strategy/local_cache_middleware.rb:27:in `call'
actionpack (5.1.4) lib/action_dispatch/middleware/executor.rb:12:in `call'
actionpack (5.1.4) lib/action_dispatch/middleware/static.rb:125:in `call'
rack (2.0.3) lib/rack/sendfile.rb:111:in `call'
railties (5.1.4) lib/rails/engine.rb:522:in `call'
puma (3.11.0) lib/puma/configuration.rb:225:in `call'
puma (3.11.0) lib/puma/server.rb:624:in `handle_request'
puma (3.11.0) lib/puma/server.rb:438:in `process_client'
puma (3.11.0) lib/puma/server.rb:302:in `block in run'
puma (3.11.0) lib/puma/thread_pool.rb:120:in `block in spawn_thread'
Started POST "/movies" for ::1 at 2017-12-24 02:29:57 +0200
Processing by MoviesController#create as HTML
  Parameters: {"utf8"=>"✓", "authenticity_token"=>"xtktkK9Kh92BpwP1/9Niu2Tg42a/5YSMfY84G+qZEfjFVEM1o+7NTsBfmEW5/gPELQqNzw83+p7ipGmm/JaLWg==", "movie"=>{"title"=>"", "rating"=>"G", "release_date(1i)"=>"2017", "release_date(2i)"=>"12", "release_date(3i)"=>"24"}, "commit"=>"Save Changes"}
  [1m[35m (0.0ms)[0m  [1m[36mbegin transaction[0m
  [1m[35mSQL (1.0ms)[0m  [1m[32mINSERT INTO "movies" ("title", "rating", "release_date", "created_at", "updated_at") VALUES (?, ?, ?, ?, ?)[0m  [["title", ""], ["rating", "G"], ["release_date", "2017-12-24 00:00:00"], ["created_at", "2017-12-24 00:29:58.031326"], ["updated_at", "2017-12-24 00:29:58.031326"]]
  [1m[35m (115.0ms)[0m  [1m[36mcommit transaction[0m
Completed 500 Internal Server Error in 536ms (ActiveRecord: 118.0ms)


  
NameError (undefined local variable or method `“' for #<MoviesController:0x000000000bb37c60>):
  
app/controllers/movies_controller.rb:21:in `create'
Started POST "/movies" for ::1 at 2017-12-24 02:31:03 +0200
Processing by MoviesController#create as HTML
  Parameters: {"utf8"=>"✓", "authenticity_token"=>"xtktkK9Kh92BpwP1/9Niu2Tg42a/5YSMfY84G+qZEfjFVEM1o+7NTsBfmEW5/gPELQqNzw83+p7ipGmm/JaLWg==", "movie"=>{"title"=>"", "rating"=>"G", "release_date(1i)"=>"2017", "release_date(2i)"=>"12", "release_date(3i)"=>"24"}, "commit"=>"Save Changes"}
  [1m[35m (0.0ms)[0m  [1m[36mbegin transaction[0m
  [1m[35mSQL (2.0ms)[0m  [1m[32mINSERT INTO "movies" ("title", "rating", "release_date", "created_at", "updated_at") VALUES (?, ?, ?, ?, ?)[0m  [["title", ""], ["rating", "G"], ["release_date", "2017-12-24 00:00:00"], ["created_at", "2017-12-24 00:31:03.509071"], ["updated_at", "2017-12-24 00:31:03.509071"]]
  [1m[35m (92.0ms)[0m  [1m[36mcommit transaction[0m
No template found for MoviesController#create, rendering head :no_content
Completed 204 No Content in 1563ms (ActiveRecord: 95.0ms)


Started POST "/movies" for ::1 at 2017-12-24 02:31:42 +0200
Processing by MoviesController#create as HTML
  Parameters: {"utf8"=>"✓", "authenticity_token"=>"xtktkK9Kh92BpwP1/9Niu2Tg42a/5YSMfY84G+qZEfjFVEM1o+7NTsBfmEW5/gPELQqNzw83+p7ipGmm/JaLWg==", "movie"=>{"title"=>"", "rating"=>"G", "release_date(1i)"=>"2017", "release_date(2i)"=>"12", "release_date(3i)"=>"24"}, "commit"=>"Save Changes"}
  [1m[35m (0.0ms)[0m  [1m[36mbegin transaction[0m
  [1m[35mSQL (2.0ms)[0m  [1m[32mINSERT INTO "movies" ("title", "rating", "release_date", "created_at", "updated_at") VALUES (?, ?, ?, ?, ?)[0m  [["title", ""], ["rating", "G"], ["release_date", "2017-12-24 00:00:00"], ["created_at", "2017-12-24 00:31:42.866322"], ["updated_at", "2017-12-24 00:31:42.866322"]]
  [1m[35m (118.0ms)[0m  [1m[36mcommit transaction[0m
No template found for MoviesController#create, rendering head :no_content
Completed 204 No Content in 1429ms (ActiveRecord: 120.0ms)


Started POST "/movies" for ::1 at 2017-12-24 02:31:56 +0200
Processing by MoviesController#create as HTML
  Parameters: {"utf8"=>"✓", "authenticity_token"=>"xtktkK9Kh92BpwP1/9Niu2Tg42a/5YSMfY84G+qZEfjFVEM1o+7NTsBfmEW5/gPELQqNzw83+p7ipGmm/JaLWg==", "movie"=>{"title"=>"", "rating"=>"G", "release_date(1i)"=>"2017", "release_date(2i)"=>"12", "release_date(3i)"=>"24"}, "commit"=>"Save Changes"}
  [1m[35m (0.0ms)[0m  [1m[36mbegin transaction[0m
  [1m[35mSQL (2.0ms)[0m  [1m[32mINSERT INTO "movies" ("title", "rating", "release_date", "created_at", "updated_at") VALUES (?, ?, ?, ?, ?)[0m  [["title", ""], ["rating", "G"], ["release_date", "2017-12-24 00:00:00"], ["created_at", "2017-12-24 00:31:56.402097"], ["updated_at", "2017-12-24 00:31:56.402097"]]
  [1m[35m (103.0ms)[0m  [1m[36mcommit transaction[0m
No template found for MoviesController#create, rendering head :no_content
Completed 204 No Content in 1523ms (ActiveRecord: 105.0ms)


Started GET "/" for ::1 at 2017-12-24 02:32:42 +0200
  [1m[35m (1.0ms)[0m  [1m[34mSELECT "schema_migrations"."version" FROM "schema_migrations" ORDER BY "schema_migrations"."version" ASC[0m
Started GET "/movies" for ::1 at 2017-12-24 02:32:43 +0200
Processing by MoviesController#index as HTML
  Rendering movies/index.html.haml within layouts/application
  [1m[36mMovie Load (0.0ms)[0m  [1m[34mSELECT "movies".* FROM "movies"[0m
  Rendered movies/index.html.haml within layouts/application (58.0ms)
Completed 200 OK in 866ms (Views: 810.9ms | ActiveRecord: 6.0ms)


Started GET "/movies/new" for ::1 at 2017-12-24 02:33:12 +0200
Processing by MoviesController#new as HTML
  Rendering movies/new.html.haml within layouts/application
  Rendered movies/new.html.haml within layouts/application (39.0ms)
Completed 200 OK in 281ms (Views: 255.9ms | ActiveRecord: 0.0ms)


Started POST "/movies" for ::1 at 2017-12-24 02:33:17 +0200
Processing by MoviesController#create as HTML
  Parameters: {"utf8"=>"✓", "authenticity_token"=>"beLbYm8NxKNa3ZWQJYAPsw56IZpVKSYYAv+HcA66Jcpub7XHY6mOMBslDiBjrW7MR5BPM+X7WAqd1NbNGLW/aA==", "movie"=>{"title"=>"my movie", "rating"=>"G", "release_date(1i)"=>"2017", "release_date(2i)"=>"12", "release_date(3i)"=>"24"}, "commit"=>"Save Changes"}
  [1m[35m (0.0ms)[0m  [1m[36mbegin transaction[0m
  [1m[35mSQL (3.0ms)[0m  [1m[32mINSERT INTO "movies" ("title", "rating", "release_date", "created_at", "updated_at") VALUES (?, ?, ?, ?, ?)[0m  [["title", "my movie"], ["rating", "G"], ["release_date", "2017-12-24 00:00:00"], ["created_at", "2017-12-24 00:33:17.325725"], ["updated_at", "2017-12-24 00:33:17.325725"]]
  [1m[35m (231.0ms)[0m  [1m[36mcommit transaction[0m
Redirected to http://localhost:8089/movies
Completed 302 Found in 257ms (ActiveRecord: 234.0ms)


Started GET "/movies" for ::1 at 2017-12-24 02:33:17 +0200
Processing by MoviesController#index as HTML
  Rendering movies/index.html.haml within layouts/application
  [1m[36mMovie Load (1.0ms)[0m  [1m[34mSELECT "movies".* FROM "movies"[0m
  Rendered movies/index.html.haml within layouts/application (27.0ms)
Completed 200 OK in 254ms (Views: 229.0ms | ActiveRecord: 1.0ms)


Started GET "/movies/new" for ::1 at 2017-12-24 02:36:33 +0200
Processing by MoviesController#new as HTML
  Rendering movies/new.html.haml within layouts/application
  Rendered movies/new.html.haml within layouts/application (11.0ms)
Completed 200 OK in 222ms (Views: 166.3ms | ActiveRecord: 6.0ms)


Started GET "/movies/new" for ::1 at 2017-12-24 02:37:12 +0200
Processing by MoviesController#new as HTML
  Rendering movies/new.html.haml within layouts/application
  Rendered movies/new.html.haml within layouts/application (11.0ms)
Completed 200 OK in 213ms (Views: 162.5ms | ActiveRecord: 4.0ms)


Started POST "/movies" for ::1 at 2017-12-24 02:37:13 +0200
Processing by MoviesController#create as HTML
  Parameters: {"utf8"=>"✓", "authenticity_token"=>"hjOmPiiMTMx39+53miVtVdqk1r0TM3u3E2ta3REU/ROFvsibJCgGXzYPdcfcCAwqk064FKPhBaWMQAtgBxtnsQ==", "movie"=>{"title"=>"", "rating"=>"G", "release_date(1i)"=>"2017", "release_date(2i)"=>"12", "release_date(3i)"=>"24"}, "commit"=>"Save Changes"}
Completed 500 Internal Server Error in 6ms (ActiveRecord: 0.0ms)


  
NoMethodError (undefined method `title' for nil:NilClass):
  
app/controllers/movies_controller.rb:21:in `create'
Started POST "/movies" for ::1 at 2017-12-24 02:37:56 +0200
Processing by MoviesController#create as HTML
  Parameters: {"utf8"=>"✓", "authenticity_token"=>"By39hV6gA7jYM+m2jCD27InJO7dAcVoAewusBML5IUw+NqdtFXC5z/wAghMGK0ZC2oS3RPE13x28fMJqNe/8AA==", "movie"=>{"title"=>"", "rating"=>"G", "release_date(1i)"=>"2017", "release_date(2i)"=>"12", "release_date(3i)"=>"24"}, "commit"=>"Save Changes"}
Completed 500 Internal Server Error in 4ms


  
NoMethodError (undefined method `title' for nil:NilClass):
  
app/controllers/movies_controller.rb:21:in `create'
